<?xml version="1.0" encoding="UTF-8"?>
<!-- Generated by org.testng.reporters.JUnitReportReporter -->
<testsuite hostname="LAPTOP-DAP28CO9" failures="0" tests="1" name="TestJenkins.TestJenkins.TestBrowser" time="20.853" errors="0" timestamp="2020-02-15T10:30:52 IST" skipped="0">
  <testcase classname="TestJenkins.TestJenkins.TestBrowser" name="TestBrowserLaunch" time="20.853"/>
  <system-out/>
</testsuite> <!-- TestJenkins.TestJenkins.TestBrowser -->
